vaibhav@vaibhav-mac MobileApp % flutter run


Launching lib/main.dart on AC2001 in debug mode...

FAILURE: Build failed with an exception.

* Where:
Build file '/Users/vaibhav/Work/Electrocom/Application/MobileApp/android/app/build.gradle' line: 4

* What went wrong:
An exception occurred applying plugin request [id: 'dev.flutter.flutter-gradle-plugin']
> Failed to apply plugin 'dev.flutter.flutter-gradle-plugin'.
   > Error: Your project's Android Gradle Plugin version (Android Gradle Plugin version 8.1.0) is lower than Flutter's minimum supported version of Android Gradle Plugin version 8.1.1. Please upgrade your Android Gradle Plugin version.                                                                                                                                                                                                                                       
     Alternatively, use the flag "--android-skip-build-dependency-validation" to bypass this check.

     Potential fix: Your project's AGP version is typically defined in the plugins block of the `settings.gradle` file (/Users/vaibhav/Work/Electrocom/Application/MobileApp/android/settings.gradle), by a plugin with the id of com.android.application.                                                                                                                                                                                                                        
     If you don't see a plugins block, your project was likely created with an older template version. In this case it is most likely defined in the top-level build.gradle file (/Users/vaibhav/Work/Electrocom/Application/MobileApp/android/build.gradle) by the following line in the dependencies block of the buildscript: "classpath 'com.android.tools.build:gradle:<version>'".                                                                                          


* Try:
> Run with --stacktrace option to get the stack trace.
> Run with --info or --debug option to get more log output.
> Run with --scan to get full insights.
> Get more help at https://help.gradle.org.

BUILD FAILED in 44s
Running Gradle task 'assembleDebug'...                             44.4s
Error: Gradle task assembleDebug failed with exit code 1